#
# There is insufficient memory for the Java Runtime Environment to continue.
# Native memory allocation (malloc) failed to allocate 1588064 bytes. Error detail: Chunk::new
# Possible reasons:
#   The system is out of physical RAM or swap space
#   This process is running with CompressedOops enabled, and the Java Heap may be blocking the growth of the native heap
# Possible solutions:
#   Reduce memory load on the system
#   Increase physical memory or swap space
#   Check if swap backing store is full
#   Decrease Java heap size (-Xmx/-Xms)
#   Decrease number of Java threads
#   Decrease Java thread stack sizes (-Xss)
#   Set larger code cache with -XX:ReservedCodeCacheSize=
#   JVM is running with Unscaled Compressed Oops mode in which the Java heap is
#     placed in the first 4GB address space. The Java Heap base address is the
#     maximum limit for the native heap growth. Please use -XX:HeapBaseMinAddress
#     to set the Java Heap base and to place the Java Heap above 4GB virtual address.
# This output file may be truncated or incomplete.
#
#  Out of Memory Error (arena.cpp:168), pid=8088, tid=16416
#
# JRE version: OpenJDK Runtime Environment Temurin-21.0.8+9 (21.0.8+9) (build 21.0.8+9-LTS)
# Java VM: OpenJDK 64-Bit Server VM Temurin-21.0.8+9 (21.0.8+9-LTS, mixed mode, sharing, tiered, compressed oops, compressed class ptrs, parallel gc, windows-amd64)
# No core dump will be written. Minidumps are not enabled by default on client versions of Windows
#

---------------  S U M M A R Y ------------

Command Line: --add-modules=ALL-SYSTEM --add-opens=java.base/java.util=ALL-UNNAMED --add-opens=java.base/java.lang=ALL-UNNAMED --add-opens=java.base/sun.nio.fs=ALL-UNNAMED -Declipse.application=org.eclipse.jdt.ls.core.id1 -Dosgi.bundles.defaultStartLevel=4 -Declipse.product=org.eclipse.jdt.ls.core.product -Djava.import.generatesMetadataFilesAtProjectRoot=false -DDetectVMInstallationsJob.disabled=true -Dfile.encoding=utf8 -XX:+UseParallelGC -XX:GCTimeRatio=4 -XX:AdaptiveSizePolicyWeight=90 -Dsun.zip.disableMemoryMapping=true -Xmx2G -Xms100m -Xlog:disable -javaagent:c:\Users\junior\.vscode\extensions\redhat.java-1.46.0-win32-x64\lombok\lombok-1.18.39-4050.jar -XX:+HeapDumpOnOutOfMemoryError -XX:HeapDumpPath=c:\Users\junior\AppData\Roaming\Code\User\workspaceStorage\1fcca62a2d4da02ed6f8e9b7b724686a\redhat.java -Daether.dependencyCollector.impl=bf c:\Users\junior\.vscode\extensions\redhat.java-1.46.0-win32-x64\server\plugins\org.eclipse.equinox.launcher_1.7.0.v20250519-0528.jar -configuration c:\Users\junior\AppData\Roaming\Code\User\globalStorage\redhat.java\1.46.0\config_win -data c:\Users\junior\AppData\Roaming\Code\User\workspaceStorage\1fcca62a2d4da02ed6f8e9b7b724686a\redhat.java\jdt_ws --pipe=\\.\pipe\lsp-e2dfe8a1832f9ccc34a67a6be08d6b71-sock

Host: AMD Ryzen 5 2400G with Radeon Vega Graphics    , 8 cores, 23G,  Windows 11 , 64 bit Build 26100 (10.0.26100.5074)
Time: Mon Oct  6 23:27:13 2025 Hora padrão América do Sul Or. elapsed time: 13294.766542 seconds (0d 3h 41m 34s)

---------------  T H R E A D  ---------------

Current thread (0x00000187592ac230):  JavaThread "C2 CompilerThread0" daemon [_thread_in_native, id=16416, stack(0x0000000c39100000,0x0000000c39200000) (1024K)]


Current CompileTask:
C2:13294766 39590   !   4       org.eclipse.jdt.ls.core.internal.handlers.DocumentSymbolHandler::toDocumentSymbol (648 bytes)

Stack: [0x0000000c39100000,0x0000000c39200000]
Native frames: (J=compiled Java code, j=interpreted, Vv=VM code, C=native code)
V  [jvm.dll+0x6d2449]
V  [jvm.dll+0x8ae341]
V  [jvm.dll+0x8b08be]
V  [jvm.dll+0x8b0fa3]
V  [jvm.dll+0x280c96]
V  [jvm.dll+0xc581d]
V  [jvm.dll+0xc5d53]
V  [jvm.dll+0x3b919c]
V  [jvm.dll+0x385315]
V  [jvm.dll+0x38477a]
V  [jvm.dll+0x248ed0]
V  [jvm.dll+0x2484af]
V  [jvm.dll+0x1c89ee]
V  [jvm.dll+0x257d4d]
V  [jvm.dll+0x2562ea]
V  [jvm.dll+0x3f2d16]
V  [jvm.dll+0x857e6b]
V  [jvm.dll+0x6d0b0d]
C  [ucrtbase.dll+0x37b0]
C  [KERNEL32.DLL+0x2e8d7]
C  [ntdll.dll+0x8d9c]


---------------  P R O C E S S  ---------------

Threads class SMR info:
_java_thread_list=0x00000187a4d1e4a0, length=45, elements={
0x000001874283bd50, 0x00000187428f8ea0, 0x00000187428fd190, 0x00000187592a3f80,
0x00000187592a49d0, 0x00000187592a5620, 0x00000187592a93d0, 0x00000187592ac230,
0x000001879bbf9220, 0x00000187428a6290, 0x000001879bedcee0, 0x00000187a09940d0,
0x000001879bda2bc0, 0x00000187a0574a80, 0x000001879bc92820, 0x000001879be945c0,
0x00000187a05b2f90, 0x00000187a050f010, 0x00000187a050d5d0, 0x00000187a050c220,
0x00000187a437fc70, 0x00000187a4382a60, 0x00000187a4383780, 0x00000187a4381d40,
0x00000187a4380300, 0x00000187a43823d0, 0x00000187a43816b0, 0x00000187a43830f0,
0x00000187a4383e10, 0x00000187a4380990, 0x00000187a43844a0, 0x00000187a4381020,
0x00000187aeae2cd0, 0x00000187a050e2f0, 0x00000187a4386c00, 0x00000187a59ed4c0,
0x00000187ae606390, 0x00000187ae600e40, 0x00000187ae6035a0, 0x00000187ae601b60,
0x00000187ae607740, 0x00000187ae605670, 0x00000187ae6042c0, 0x00000187a0334740,
0x00000187a0333a20
}

Java Threads: ( => current thread )
  0x000001874283bd50 JavaThread "main"                              [_thread_blocked, id=11496, stack(0x0000000c38700000,0x0000000c38800000) (1024K)]
  0x00000187428f8ea0 JavaThread "Reference Handler"          daemon [_thread_blocked, id=20124, stack(0x0000000c38b00000,0x0000000c38c00000) (1024K)]
  0x00000187428fd190 JavaThread "Finalizer"                  daemon [_thread_blocked, id=10084, stack(0x0000000c38c00000,0x0000000c38d00000) (1024K)]
  0x00000187592a3f80 JavaThread "Signal Dispatcher"          daemon [_thread_blocked, id=30256, stack(0x0000000c38d00000,0x0000000c38e00000) (1024K)]
  0x00000187592a49d0 JavaThread "Attach Listener"            daemon [_thread_blocked, id=18212, stack(0x0000000c38e00000,0x0000000c38f00000) (1024K)]
  0x00000187592a5620 JavaThread "Service Thread"             daemon [_thread_blocked, id=24120, stack(0x0000000c38f00000,0x0000000c39000000) (1024K)]
  0x00000187592a93d0 JavaThread "Monitor Deflation Thread"   daemon [_thread_blocked, id=22980, stack(0x0000000c39000000,0x0000000c39100000) (1024K)]
=>0x00000187592ac230 JavaThread "C2 CompilerThread0"         daemon [_thread_in_native, id=16416, stack(0x0000000c39100000,0x0000000c39200000) (1024K)]
  0x000001879bbf9220 JavaThread "C1 CompilerThread0"         daemon [_thread_blocked, id=5760, stack(0x0000000c39200000,0x0000000c39300000) (1024K)]
  0x00000187428a6290 JavaThread "Common-Cleaner"             daemon [_thread_blocked, id=6652, stack(0x0000000c39300000,0x0000000c39400000) (1024K)]
  0x000001879bedcee0 JavaThread "Notification Thread"        daemon [_thread_blocked, id=8064, stack(0x0000000c39500000,0x0000000c39600000) (1024K)]
  0x00000187a09940d0 JavaThread "Active Thread: Equinox Container: de7217a7-1811-48cc-8ca2-0b0362aecd7f"        [_thread_blocked, id=9084, stack(0x0000000c39d00000,0x0000000c39e00000) (1024K)]
  0x000001879bda2bc0 JavaThread "Refresh Thread: Equinox Container: de7217a7-1811-48cc-8ca2-0b0362aecd7f" daemon [_thread_blocked, id=20028, stack(0x0000000c39c00000,0x0000000c39d00000) (1024K)]
  0x00000187a0574a80 JavaThread "Framework Event Dispatcher: Equinox Container: de7217a7-1811-48cc-8ca2-0b0362aecd7f" daemon [_thread_blocked, id=24052, stack(0x0000000c39e00000,0x0000000c39f00000) (1024K)]
  0x000001879bc92820 JavaThread "Start Level: Equinox Container: de7217a7-1811-48cc-8ca2-0b0362aecd7f" daemon [_thread_blocked, id=27572, stack(0x0000000c39f00000,0x0000000c3a000000) (1024K)]
  0x000001879be945c0 JavaThread "Bundle File Closer"         daemon [_thread_blocked, id=3596, stack(0x0000000c3a100000,0x0000000c3a200000) (1024K)]
  0x00000187a05b2f90 JavaThread "SCR Component Actor"        daemon [_thread_blocked, id=16380, stack(0x0000000c38400000,0x0000000c38500000) (1024K)]
  0x00000187a050f010 JavaThread "Worker-JM"                         [_thread_blocked, id=8068, stack(0x0000000c3a300000,0x0000000c3a400000) (1024K)]
  0x00000187a050d5d0 JavaThread "JNA Cleaner"                daemon [_thread_blocked, id=20676, stack(0x0000000c3a200000,0x0000000c3a300000) (1024K)]
  0x00000187a050c220 JavaThread "Java indexing"              daemon [_thread_blocked, id=7100, stack(0x0000000c3a700000,0x0000000c3a800000) (1024K)]
  0x00000187a437fc70 JavaThread "Thread-1"                   daemon [_thread_in_native, id=26544, stack(0x0000000c3af00000,0x0000000c3b000000) (1024K)]
  0x00000187a4382a60 JavaThread "Thread-2"                   daemon [_thread_in_native, id=3204, stack(0x0000000c3b000000,0x0000000c3b100000) (1024K)]
  0x00000187a4383780 JavaThread "Thread-3"                   daemon [_thread_in_native, id=25420, stack(0x0000000c3b100000,0x0000000c3b200000) (1024K)]
  0x00000187a4381d40 JavaThread "Thread-4"                   daemon [_thread_in_native, id=28588, stack(0x0000000c3b200000,0x0000000c3b300000) (1024K)]
  0x00000187a4380300 JavaThread "Thread-5"                   daemon [_thread_in_native, id=25936, stack(0x0000000c3b300000,0x0000000c3b400000) (1024K)]
  0x00000187a43823d0 JavaThread "Thread-6"                   daemon [_thread_in_native, id=5220, stack(0x0000000c3b400000,0x0000000c3b500000) (1024K)]
  0x00000187a43816b0 JavaThread "Thread-7"                   daemon [_thread_in_native, id=26772, stack(0x0000000c3b500000,0x0000000c3b600000) (1024K)]
  0x00000187a43830f0 JavaThread "Thread-8"                   daemon [_thread_in_native, id=16300, stack(0x0000000c3b600000,0x0000000c3b700000) (1024K)]
  0x00000187a4383e10 JavaThread "Thread-9"                   daemon [_thread_in_native, id=29588, stack(0x0000000c3b700000,0x0000000c3b800000) (1024K)]
  0x00000187a4380990 JavaThread "pool-2-thread-1"                   [_thread_blocked, id=9432, stack(0x0000000c3b800000,0x0000000c3b900000) (1024K)]
  0x00000187a43844a0 JavaThread "WorkspaceEventsHandler"            [_thread_blocked, id=13760, stack(0x0000000c3b900000,0x0000000c3ba00000) (1024K)]
  0x00000187a4381020 JavaThread "pool-1-thread-1"                   [_thread_blocked, id=23392, stack(0x0000000c3ba00000,0x0000000c3bb00000) (1024K)]
  0x00000187aeae2cd0 JavaThread "Cleaner-0"                  daemon [_thread_blocked, id=29340, stack(0x0000000c3bd00000,0x0000000c3be00000) (1024K)]
  0x00000187a050e2f0 JavaThread "Java Debug Server"          daemon [_thread_in_native, id=9312, stack(0x0000000c3ae00000,0x0000000c3af00000) (1024K)]
  0x00000187a4386c00 JavaThread "RxSchedulerPurge-1"         daemon [_thread_blocked, id=7016, stack(0x0000000c3c300000,0x0000000c3c400000) (1024K)]
  0x00000187a59ed4c0 JavaThread "RxCachedWorkerPoolEvictor-1" daemon [_thread_blocked, id=5420, stack(0x0000000c3c400000,0x0000000c3c500000) (1024K)]
  0x00000187ae606390 JavaThread "Worker-19: Publish Diagnostics"        [_thread_blocked, id=14916, stack(0x0000000c38500000,0x0000000c38600000) (1024K)]
  0x00000187ae600e40 JavaThread "ForkJoinPool.commonPool-worker-70" daemon [_thread_blocked, id=28936, stack(0x0000000c3a000000,0x0000000c3a100000) (1024K)]
  0x00000187ae6035a0 JavaThread "ForkJoinPool.commonPool-worker-75" daemon [_thread_blocked, id=14424, stack(0x0000000c38600000,0x0000000c38700000) (1024K)]
  0x00000187ae601b60 JavaThread "ForkJoinPool.commonPool-worker-77" daemon [_thread_blocked, id=23276, stack(0x0000000c3a500000,0x0000000c3a600000) (1024K)]
  0x00000187ae607740 JavaThread "ForkJoinPool.commonPool-worker-78" daemon [_thread_blocked, id=27820, stack(0x0000000c3a600000,0x0000000c3a700000) (1024K)]
  0x00000187ae605670 JavaThread "ForkJoinPool.commonPool-worker-81" daemon [_thread_blocked, id=23476, stack(0x0000000c3a800000,0x0000000c3a900000) (1024K)]
  0x00000187ae6042c0 JavaThread "ForkJoinPool.commonPool-worker-84" daemon [_thread_blocked, id=21176, stack(0x0000000c3a900000,0x0000000c3aa00000) (1024K)]
  0x00000187a0334740 JavaThread "Worker-21"                         [_thread_blocked, id=12400, stack(0x0000000c3ab00000,0x0000000c3ac00000) (1024K)]
  0x00000187a0333a20 JavaThread "ForkJoinPool.commonPool-worker-85" daemon [_thread_blocked, id=23776, stack(0x0000000c3aa00000,0x0000000c3ab00000) (1024K)]
Total: 45

Other Threads:
  0x00000187592a14a0 VMThread "VM Thread"                           [id=13216, stack(0x0000000c38a00000,0x0000000c38b00000) (1024K)]
  0x00000187591bca00 WatcherThread "VM Periodic Task Thread"        [id=27204, stack(0x0000000c38900000,0x0000000c38a00000) (1024K)]
  0x000001874285a320 WorkerThread "GC Thread#0"                     [id=4056, stack(0x0000000c38800000,0x0000000c38900000) (1024K)]
  0x00000187a05c4500 WorkerThread "GC Thread#1"                     [id=19936, stack(0x0000000c39400000,0x0000000c39500000) (1024K)]
  0x00000187a05c48a0 WorkerThread "GC Thread#2"                     [id=23360, stack(0x0000000c39600000,0x0000000c39700000) (1024K)]
  0x00000187a001e070 WorkerThread "GC Thread#3"                     [id=16172, stack(0x0000000c39700000,0x0000000c39800000) (1024K)]
  0x00000187a001e410 WorkerThread "GC Thread#4"                     [id=30296, stack(0x0000000c39800000,0x0000000c39900000) (1024K)]
  0x00000187a001e7b0 WorkerThread "GC Thread#5"                     [id=21520, stack(0x0000000c39900000,0x0000000c39a00000) (1024K)]
  0x00000187a001eb50 WorkerThread "GC Thread#6"                     [id=23532, stack(0x0000000c39a00000,0x0000000c39b00000) (1024K)]
  0x000001879bbb8070 WorkerThread "GC Thread#7"                     [id=23012, stack(0x0000000c39b00000,0x0000000c39c00000) (1024K)]
Total: 10

Threads with active compile tasks:
C2 CompilerThread0  13294799 39590   !   4       org.eclipse.jdt.ls.core.internal.handlers.DocumentSymbolHandler::toDocumentSymbol (648 bytes)
Total: 1

VM state: at safepoint (normal execution)

VM Mutex/Monitor currently owned by a thread:  ([mutex/lock_event])
[0x00007fffc4965458] Threads_lock - owner thread: 0x00000187592a14a0
[0x00007fffc4965558] Heap_lock - owner thread: 0x00000187ae606390
[0x00007fffc49659d8] PSOldGenExpand_lock - owner thread: 0x00000187a05c4500

Heap address: 0x0000000080000000, size: 2048 MB, Compressed Oops mode: 32-bit

CDS archive(s) mapped at: [0x000001875a000000-0x000001875aba0000-0x000001875aba0000), size 12189696, SharedBaseAddress: 0x000001875a000000, ArchiveRelocationMode: 1.
Compressed class space mapped at: 0x000001875b000000-0x000001879b000000, reserved size: 1073741824
Narrow klass base: 0x000001875a000000, Narrow klass shift: 0, Narrow klass range: 0x100000000

GC Precious Log:
 CardTable entry size: 512
 CPUs: 8 total, 8 available
 Memory: 24524M
 Large Page Support: Disabled
 NUMA Support: Disabled
 Compressed Oops: Enabled (32-bit)
 Alignments: Space 512K, Generation 512K, Heap 2M
 Heap Min Capacity: 100M
 Heap Initial Capacity: 100M
 Heap Max Capacity: 2G
 Pre-touch: Disabled
 Parallel Workers: 8

Heap:
 PSYoungGen      total 8704K, used 7922K [0x00000000d5580000, 0x00000000d6000000, 0x0000000100000000)
  eden space 6656K, 100% used [0x00000000d5580000,0x00000000d5c00000,0x00000000d5c00000)
  from space 2048K, 61% used [0x00000000d5d80000,0x00000000d5ebc920,0x00000000d5f80000)
  to   space 1536K, 31% used [0x00000000d5c00000,0x00000000d5c7a400,0x00000000d5d80000)
 ParOldGen       total 978944K, used 978943K [0x0000000080000000, 0x00000000bbc00000, 0x00000000d5580000)
  object space 978944K, 99% used [0x0000000080000000,0x00000000bbbffef8,0x00000000bbc00000)
 Metaspace       used 113077K, committed 115200K, reserved 1179648K
  class space    used 11472K, committed 12608K, reserved 1048576K

Card table byte_map: [0x00000187421f0000,0x0000018742600000] _byte_map_base: 0x0000018741df0000

Marking Bits: (ParMarkBitMap*) 0x00007fffc496a340
 Begin Bits: [0x0000018754ce0000, 0x0000018756ce0000)
 End Bits:   [0x0000018756ce0000, 0x0000018758ce0000)

Polling page: 0x0000018740830000

Metaspace:

Usage:
  Non-class:     99.22 MB used.
      Class:     11.20 MB used.
       Both:    110.43 MB used.

Virtual space:
  Non-class space:      128.00 MB reserved,     100.19 MB ( 78%) committed,  2 nodes.
      Class space:        1.00 GB reserved,      12.31 MB (  1%) committed,  1 nodes.
             Both:        1.12 GB reserved,     112.50 MB ( 10%) committed. 

Chunk freelists:
   Non-Class:  11.75 MB
       Class:  3.90 MB
        Both:  15.65 MB

MaxMetaspaceSize: unlimited
CompressedClassSpaceSize: 1.00 GB
Initial GC threshold: 21.00 MB
Current GC threshold: 186.88 MB
CDS: on
 - commit_granule_bytes: 65536.
 - commit_granule_words: 8192.
 - virtual_space_node_default_size: 8388608.
 - enlarge_chunks_in_place: 1.
 - use_allocation_guard: 0.


Internal statistics:

num_allocs_failed_limit: 9.
num_arena_births: 2718.
num_arena_deaths: 1042.
num_vsnodes_births: 3.
num_vsnodes_deaths: 0.
num_space_committed: 1814.
num_space_uncommitted: 8.
num_chunks_returned_to_freelist: 1441.
num_chunks_taken_from_freelist: 9142.
num_chunk_merges: 452.
num_chunk_splits: 5019.
num_chunks_enlarged: 2672.
num_inconsistent_stats: 0.

CodeHeap 'non-profiled nmethods': size=120000Kb used=35538Kb max_used=37719Kb free=84461Kb
 bounds [0x000001874d500000, 0x000001874fa00000, 0x0000018754a30000]
CodeHeap 'profiled nmethods': size=120000Kb used=45852Kb max_used=56942Kb free=74147Kb
 bounds [0x0000018745a30000, 0x00000187491d0000, 0x000001874cf60000]
CodeHeap 'non-nmethods': size=5760Kb used=1565Kb max_used=1646Kb free=4194Kb
 bounds [0x000001874cf60000, 0x000001874d1d0000, 0x000001874d500000]
CodeCache: size=245760Kb, used=82955Kb, max_used=96307Kb, free=162802Kb
 total_blobs=22048, nmethods=21158, adapters=789, full_count=0
Compilation: enabled, stopped_count=0, restarted_count=0

Compilation events (20 events):
Event: 13288.464 Thread 0x00000187592ac230 nmethod 39582 0x000001874e976b90 code [0x000001874e976d20, 0x000001874e976de0]
Event: 13288.773 Thread 0x00000187592ac230 39583       4       org.eclipse.jdt.internal.core.CompilationUnitStructureRequestor::addToChildren (43 bytes)
Event: 13288.790 Thread 0x00000187592ac230 nmethod 39583 0x000001874eedda10 code [0x000001874eeddc40, 0x000001874eede460]
Event: 13288.795 Thread 0x00000187592ac230 39584       4       org.eclipse.jdt.internal.core.search.matching.ClasspathSourceDirectory::findClass (80 bytes)
Event: 13288.809 Thread 0x00000187592ac230 nmethod 39584 0x000001874edff510 code [0x000001874edff7e0, 0x000001874ee00250]
Event: 13288.862 Thread 0x00000187592ac230 39585   !   4       org.eclipse.jdt.internal.compiler.lookup.WildcardBinding::isProperType (132 bytes)
Event: 13288.864 Thread 0x00000187592ac230 nmethod 39585 0x000001874ed41510 code [0x000001874ed416a0, 0x000001874ed417e8]
Event: 13289.070 Thread 0x00000187592ac230 39586       4       org.eclipse.jdt.internal.core.manipulation.JavaElementLabelComposerCore$FlexibleStringBufferCore::append (11 bytes)
Event: 13289.078 Thread 0x00000187592ac230 nmethod 39586 0x000001874deb0610 code [0x000001874deb0800, 0x000001874deb0f10]
Event: 13289.079 Thread 0x00000187592ac230 39587       4       org.eclipse.jdt.internal.compiler.parser.Parser::consumeConstructorDeclaration (377 bytes)
Event: 13289.102 Thread 0x00000187592ac230 nmethod 39587 0x000001874e76d510 code [0x000001874e76d740, 0x000001874e76df48]
Event: 13289.232 Thread 0x00000187592ac230 39588       4       org.eclipse.jdt.internal.compiler.lookup.ClassScope::checkParameterizedTypeBounds (111 bytes)
Event: 13289.242 Thread 0x00000187592ac230 nmethod 39588 0x000001874de0d510 code [0x000001874de0d740, 0x000001874de0de68]
Event: 13289.478 Thread 0x00000187592ac230 39589       4       org.eclipse.lsp4j.Location::<init> (31 bytes)
Event: 13289.479 Thread 0x00000187592ac230 nmethod 39589 0x000001874edd6190 code [0x000001874edd6320, 0x000001874edd6458]
Event: 13289.479 Thread 0x00000187592ac230 39590   !   4       org.eclipse.jdt.ls.core.internal.handlers.DocumentSymbolHandler::toDocumentSymbol (648 bytes)
Event: 13289.642 Thread 0x000001879bbf9220 39591       3       org.eclipse.lsp4j.jsonrpc.json.adapters.MessageTypeAdapter::fromJson (42 bytes)
Event: 13289.643 Thread 0x000001879bbf9220 nmethod 39591 0x0000018746091d90 code [0x0000018746091fe0, 0x00000187460929d8]
Event: 13293.744 Thread 0x000001879bbf9220 39593       3       org.eclipse.jdt.apt.core.util.AptConfig::getString (110 bytes)
Event: 13293.745 Thread 0x000001879bbf9220 nmethod 39593 0x0000018745b78810 code [0x0000018745b78ac0, 0x0000018745b79d78]

GC Heap History (20 events):
Event: 13289.449 GC heap after
{Heap after GC invocations=9264 (full 10):
 PSYoungGen      total 8192K, used 4064K [0x00000000d5580000, 0x00000000d6600000, 0x0000000100000000)
  eden space 4096K, 0% used [0x00000000d5580000,0x00000000d5580000,0x00000000d5980000)
  from space 4096K, 99% used [0x00000000d5f00000,0x00000000d62f81e8,0x00000000d6300000)
  to   space 5632K, 0% used [0x00000000d5980000,0x00000000d5980000,0x00000000d5f00000)
 ParOldGen       total 967168K, used 966810K [0x0000000080000000, 0x00000000bb080000, 0x00000000d5580000)
  object space 967168K, 99% used [0x0000000080000000,0x00000000bb026938,0x00000000bb080000)
 Metaspace       used 113076K, committed 115200K, reserved 1179648K
  class space    used 11472K, committed 12608K, reserved 1048576K
}
Event: 13289.479 GC heap before
{Heap before GC invocations=9265 (full 10):
 PSYoungGen      total 8192K, used 8159K [0x00000000d5580000, 0x00000000d6600000, 0x0000000100000000)
  eden space 4096K, 99% used [0x00000000d5580000,0x00000000d597fa60,0x00000000d5980000)
  from space 4096K, 99% used [0x00000000d5f00000,0x00000000d62f81e8,0x00000000d6300000)
  to   space 5632K, 0% used [0x00000000d5980000,0x00000000d5980000,0x00000000d5f00000)
 ParOldGen       total 967168K, used 966810K [0x0000000080000000, 0x00000000bb080000, 0x00000000d5580000)
  object space 967168K, 99% used [0x0000000080000000,0x00000000bb026938,0x00000000bb080000)
 Metaspace       used 113076K, committed 115200K, reserved 1179648K
  class space    used 11472K, committed 12608K, reserved 1048576K
}
Event: 13289.484 GC heap after
{Heap after GC invocations=9265 (full 10):
 PSYoungGen      total 7168K, used 2749K [0x00000000d5580000, 0x00000000d6180000, 0x0000000100000000)
  eden space 4096K, 0% used [0x00000000d5580000,0x00000000d5580000,0x00000000d5980000)
  from space 3072K, 89% used [0x00000000d5980000,0x00000000d5c2f738,0x00000000d5c80000)
  to   space 4096K, 0% used [0x00000000d5d80000,0x00000000d5d80000,0x00000000d6180000)
 ParOldGen       total 971264K, used 970795K [0x0000000080000000, 0x00000000bb480000, 0x00000000d5580000)
  object space 971264K, 99% used [0x0000000080000000,0x00000000bb40af70,0x00000000bb480000)
 Metaspace       used 113076K, committed 115200K, reserved 1179648K
  class space    used 11472K, committed 12608K, reserved 1048576K
}
Event: 13289.497 GC heap before
{Heap before GC invocations=9266 (full 10):
 PSYoungGen      total 7168K, used 6845K [0x00000000d5580000, 0x00000000d6180000, 0x0000000100000000)
  eden space 4096K, 100% used [0x00000000d5580000,0x00000000d5980000,0x00000000d5980000)
  from space 3072K, 89% used [0x00000000d5980000,0x00000000d5c2f738,0x00000000d5c80000)
  to   space 4096K, 0% used [0x00000000d5d80000,0x00000000d5d80000,0x00000000d6180000)
 ParOldGen       total 971264K, used 970795K [0x0000000080000000, 0x00000000bb480000, 0x00000000d5580000)
  object space 971264K, 99% used [0x0000000080000000,0x00000000bb40af70,0x00000000bb480000)
 Metaspace       used 113076K, committed 115200K, reserved 1179648K
  class space    used 11472K, committed 12608K, reserved 1048576K
}
Event: 13289.503 GC heap after
{Heap after GC invocations=9266 (full 10):
 PSYoungGen      total 5632K, used 1438K [0x00000000d5580000, 0x00000000d5f00000, 0x0000000100000000)
  eden space 4096K, 0% used [0x00000000d5580000,0x00000000d5580000,0x00000000d5980000)
  from space 1536K, 93% used [0x00000000d5d80000,0x00000000d5ee7b30,0x00000000d5f00000)
  to   space 2560K, 0% used [0x00000000d5a00000,0x00000000d5a00000,0x00000000d5c80000)
 ParOldGen       total 973824K, used 973413K [0x0000000080000000, 0x00000000bb700000, 0x00000000d5580000)
  object space 973824K, 99% used [0x0000000080000000,0x00000000bb699440,0x00000000bb700000)
 Metaspace       used 113076K, committed 115200K, reserved 1179648K
  class space    used 11472K, committed 12608K, reserved 1048576K
}
Event: 13289.638 GC heap before
{Heap before GC invocations=9267 (full 10):
 PSYoungGen      total 5632K, used 5534K [0x00000000d5580000, 0x00000000d5f00000, 0x0000000100000000)
  eden space 4096K, 100% used [0x00000000d5580000,0x00000000d5980000,0x00000000d5980000)
  from space 1536K, 93% used [0x00000000d5d80000,0x00000000d5ee7b30,0x00000000d5f00000)
  to   space 2560K, 0% used [0x00000000d5a00000,0x00000000d5a00000,0x00000000d5c80000)
 ParOldGen       total 973824K, used 973413K [0x0000000080000000, 0x00000000bb700000, 0x00000000d5580000)
  object space 973824K, 99% used [0x0000000080000000,0x00000000bb699440,0x00000000bb700000)
 Metaspace       used 113076K, committed 115200K, reserved 1179648K
  class space    used 11472K, committed 12608K, reserved 1048576K
}
Event: 13289.642 GC heap after
{Heap after GC invocations=9267 (full 10):
 PSYoungGen      total 6656K, used 756K [0x00000000d5580000, 0x00000000d5e00000, 0x0000000100000000)
  eden space 4096K, 0% used [0x00000000d5580000,0x00000000d5580000,0x00000000d5980000)
  from space 2560K, 29% used [0x00000000d5a00000,0x00000000d5abd200,0x00000000d5c80000)
  to   space 1536K, 0% used [0x00000000d5c80000,0x00000000d5c80000,0x00000000d5e00000)
 ParOldGen       total 974336K, used 974101K [0x0000000080000000, 0x00000000bb780000, 0x00000000d5580000)
  object space 974336K, 99% used [0x0000000080000000,0x00000000bb745440,0x00000000bb780000)
 Metaspace       used 113076K, committed 115200K, reserved 1179648K
  class space    used 11472K, committed 12608K, reserved 1048576K
}
Event: 13289.650 GC heap before
{Heap before GC invocations=9268 (full 10):
 PSYoungGen      total 6656K, used 4852K [0x00000000d5580000, 0x00000000d5e00000, 0x0000000100000000)
  eden space 4096K, 99% used [0x00000000d5580000,0x00000000d597fff8,0x00000000d5980000)
  from space 2560K, 29% used [0x00000000d5a00000,0x00000000d5abd200,0x00000000d5c80000)
  to   space 1536K, 0% used [0x00000000d5c80000,0x00000000d5c80000,0x00000000d5e00000)
 ParOldGen       total 974336K, used 974101K [0x0000000080000000, 0x00000000bb780000, 0x00000000d5580000)
  object space 974336K, 99% used [0x0000000080000000,0x00000000bb745440,0x00000000bb780000)
 Metaspace       used 113076K, committed 115200K, reserved 1179648K
  class space    used 11472K, committed 12608K, reserved 1048576K
}
Event: 13289.654 GC heap after
{Heap after GC invocations=9268 (full 10):
 PSYoungGen      total 4608K, used 436K [0x00000000d5580000, 0x00000000d5d00000, 0x0000000100000000)
  eden space 4096K, 0% used [0x00000000d5580000,0x00000000d5580000,0x00000000d5980000)
  from space 512K, 85% used [0x00000000d5c80000,0x00000000d5ced200,0x00000000d5d00000)
  to   space 1024K, 0% used [0x00000000d5b00000,0x00000000d5b00000,0x00000000d5c00000)
 ParOldGen       total 974848K, used 974765K [0x0000000080000000, 0x00000000bb800000, 0x00000000d5580000)
  object space 974848K, 99% used [0x0000000080000000,0x00000000bb7eb650,0x00000000bb800000)
 Metaspace       used 113076K, committed 115200K, reserved 1179648K
  class space    used 11472K, committed 12608K, reserved 1048576K
}
Event: 13289.657 GC heap before
{Heap before GC invocations=9269 (full 10):
 PSYoungGen      total 4608K, used 4532K [0x00000000d5580000, 0x00000000d5d00000, 0x0000000100000000)
  eden space 4096K, 100% used [0x00000000d5580000,0x00000000d5980000,0x00000000d5980000)
  from space 512K, 85% used [0x00000000d5c80000,0x00000000d5ced200,0x00000000d5d00000)
  to   space 1024K, 0% used [0x00000000d5b00000,0x00000000d5b00000,0x00000000d5c00000)
 ParOldGen       total 974848K, used 974765K [0x0000000080000000, 0x00000000bb800000, 0x00000000d5580000)
  object space 974848K, 99% used [0x0000000080000000,0x00000000bb7eb650,0x00000000bb800000)
 Metaspace       used 113076K, committed 115200K, reserved 1179648K
  class space    used 11472K, committed 12608K, reserved 1048576K
}
Event: 13289.660 GC heap after
{Heap after GC invocations=9269 (full 10):
 PSYoungGen      total 6144K, used 244K [0x00000000d5580000, 0x00000000d5d00000, 0x0000000100000000)
  eden space 5120K, 0% used [0x00000000d5580000,0x00000000d5580000,0x00000000d5a80000)
  from space 1024K, 23% used [0x00000000d5b00000,0x00000000d5b3d200,0x00000000d5c00000)
  to   space 512K, 0% used [0x00000000d5c80000,0x00000000d5c80000,0x00000000d5d00000)
 ParOldGen       total 975360K, used 975075K [0x0000000080000000, 0x00000000bb880000, 0x00000000d5580000)
  object space 975360K, 99% used [0x0000000080000000,0x00000000bb838fa0,0x00000000bb880000)
 Metaspace       used 113076K, committed 115200K, reserved 1179648K
  class space    used 11472K, committed 12608K, reserved 1048576K
}
Event: 13289.668 GC heap before
{Heap before GC invocations=9270 (full 10):
 PSYoungGen      total 6144K, used 5364K [0x00000000d5580000, 0x00000000d5d00000, 0x0000000100000000)
  eden space 5120K, 100% used [0x00000000d5580000,0x00000000d5a80000,0x00000000d5a80000)
  from space 1024K, 23% used [0x00000000d5b00000,0x00000000d5b3d200,0x00000000d5c00000)
  to   space 512K, 0% used [0x00000000d5c80000,0x00000000d5c80000,0x00000000d5d00000)
 ParOldGen       total 975360K, used 975075K [0x0000000080000000, 0x00000000bb880000, 0x00000000d5580000)
  object space 975360K, 99% used [0x0000000080000000,0x00000000bb838fa0,0x00000000bb880000)
 Metaspace       used 113076K, committed 115200K, reserved 1179648K
  class space    used 11472K, committed 12608K, reserved 1048576K
}
Event: 13289.672 GC heap after
{Heap after GC invocations=9270 (full 10):
 PSYoungGen      total 6656K, used 511K [0x00000000d5580000, 0x00000000d5d80000, 0x0000000100000000)
  eden space 6144K, 0% used [0x00000000d5580000,0x00000000d5580000,0x00000000d5b80000)
  from space 512K, 99% used [0x00000000d5c80000,0x00000000d5cffd60,0x00000000d5d00000)
  to   space 1024K, 0% used [0x00000000d5b80000,0x00000000d5b80000,0x00000000d5c80000)
 ParOldGen       total 975360K, used 975139K [0x0000000080000000, 0x00000000bb880000, 0x00000000d5580000)
  object space 975360K, 99% used [0x0000000080000000,0x00000000bb848fa0,0x00000000bb880000)
 Metaspace       used 113076K, committed 115200K, reserved 1179648K
  class space    used 11472K, committed 12608K, reserved 1048576K
}
Event: 13289.681 GC heap before
{Heap before GC invocations=9271 (full 10):
 PSYoungGen      total 6656K, used 6655K [0x00000000d5580000, 0x00000000d5d80000, 0x0000000100000000)
  eden space 6144K, 100% used [0x00000000d5580000,0x00000000d5b80000,0x00000000d5b80000)
  from space 512K, 99% used [0x00000000d5c80000,0x00000000d5cffd60,0x00000000d5d00000)
  to   space 1024K, 0% used [0x00000000d5b80000,0x00000000d5b80000,0x00000000d5c80000)
 ParOldGen       total 975360K, used 975139K [0x0000000080000000, 0x00000000bb880000, 0x00000000d5580000)
  object space 975360K, 99% used [0x0000000080000000,0x00000000bb848fa0,0x00000000bb880000)
 Metaspace       used 113076K, committed 115200K, reserved 1179648K
  class space    used 11472K, committed 12608K, reserved 1048576K
}
Event: 13291.706 GC heap after
{Heap after GC invocations=9271 (full 10):
 PSYoungGen      total 7168K, used 864K [0x00000000d5580000, 0x00000000d5d80000, 0x0000000100000000)
  eden space 6144K, 0% used [0x00000000d5580000,0x00000000d5580000,0x00000000d5b80000)
  from space 1024K, 84% used [0x00000000d5b80000,0x00000000d5c58000,0x00000000d5c80000)
  to   space 512K, 0% used [0x00000000d5c80000,0x00000000d5c80000,0x00000000d5d00000)
 ParOldGen       total 975872K, used 975555K [0x0000000080000000, 0x00000000bb900000, 0x00000000d5580000)
  object space 975872K, 99% used [0x0000000080000000,0x00000000bb8b0d00,0x00000000bb900000)
 Metaspace       used 113076K, committed 115200K, reserved 1179648K
  class space    used 11472K, committed 12608K, reserved 1048576K
}
Event: 13291.717 GC heap before
{Heap before GC invocations=9272 (full 10):
 PSYoungGen      total 7168K, used 7008K [0x00000000d5580000, 0x00000000d5d80000, 0x0000000100000000)
  eden space 6144K, 100% used [0x00000000d5580000,0x00000000d5b80000,0x00000000d5b80000)
  from space 1024K, 84% used [0x00000000d5b80000,0x00000000d5c58000,0x00000000d5c80000)
  to   space 512K, 0% used [0x00000000d5c80000,0x00000000d5c80000,0x00000000d5d00000)
 ParOldGen       total 975872K, used 975555K [0x0000000080000000, 0x00000000bb900000, 0x00000000d5580000)
  object space 975872K, 99% used [0x0000000080000000,0x00000000bb8b0d00,0x00000000bb900000)
 Metaspace       used 113076K, committed 115200K, reserved 1179648K
  class space    used 11472K, committed 12608K, reserved 1048576K
}
Event: 13293.726 GC heap after
{Heap after GC invocations=9272 (full 10):
 PSYoungGen      total 6656K, used 512K [0x00000000d5580000, 0x00000000d5d80000, 0x0000000100000000)
  eden space 6144K, 0% used [0x00000000d5580000,0x00000000d5580000,0x00000000d5b80000)
  from space 512K, 100% used [0x00000000d5c80000,0x00000000d5d00000,0x00000000d5d00000)
  to   space 1024K, 0% used [0x00000000d5b80000,0x00000000d5b80000,0x00000000d5c80000)
 ParOldGen       total 976896K, used 976615K [0x0000000080000000, 0x00000000bba00000, 0x00000000d5580000)
  object space 976896K, 99% used [0x0000000080000000,0x00000000bb9b9d40,0x00000000bba00000)
 Metaspace       used 113076K, committed 115200K, reserved 1179648K
  class space    used 11472K, committed 12608K, reserved 1048576K
}
Event: 13293.737 GC heap before
{Heap before GC invocations=9273 (full 10):
 PSYoungGen      total 6656K, used 6656K [0x00000000d5580000, 0x00000000d5d80000, 0x0000000100000000)
  eden space 6144K, 100% used [0x00000000d5580000,0x00000000d5b80000,0x00000000d5b80000)
  from space 512K, 100% used [0x00000000d5c80000,0x00000000d5d00000,0x00000000d5d00000)
  to   space 1024K, 0% used [0x00000000d5b80000,0x00000000d5b80000,0x00000000d5c80000)
 ParOldGen       total 976896K, used 976615K [0x0000000080000000, 0x00000000bba00000, 0x00000000d5580000)
  object space 976896K, 99% used [0x0000000080000000,0x00000000bb9b9d40,0x00000000bba00000)
 Metaspace       used 113076K, committed 115200K, reserved 1179648K
  class space    used 11472K, committed 12608K, reserved 1048576K
}
Event: 13293.742 GC heap after
{Heap after GC invocations=9273 (full 10):
 PSYoungGen      total 7168K, used 1024K [0x00000000d5580000, 0x00000000d5f80000, 0x0000000100000000)
  eden space 6144K, 0% used [0x00000000d5580000,0x00000000d5580000,0x00000000d5b80000)
  from space 1024K, 100% used [0x00000000d5b80000,0x00000000d5c80000,0x00000000d5c80000)
  to   space 2048K, 0% used [0x00000000d5d80000,0x00000000d5d80000,0x00000000d5f80000)
 ParOldGen       total 977920K, used 977459K [0x0000000080000000, 0x00000000bbb00000, 0x00000000d5580000)
  object space 977920K, 99% used [0x0000000080000000,0x00000000bba8cd70,0x00000000bbb00000)
 Metaspace       used 113076K, committed 115200K, reserved 1179648K
  class space    used 11472K, committed 12608K, reserved 1048576K
}
Event: 13293.754 GC heap before
{Heap before GC invocations=9274 (full 10):
 PSYoungGen      total 7168K, used 7168K [0x00000000d5580000, 0x00000000d5f80000, 0x0000000100000000)
  eden space 6144K, 100% used [0x00000000d5580000,0x00000000d5b80000,0x00000000d5b80000)
  from space 1024K, 100% used [0x00000000d5b80000,0x00000000d5c80000,0x00000000d5c80000)
  to   space 2048K, 0% used [0x00000000d5d80000,0x00000000d5d80000,0x00000000d5f80000)
 ParOldGen       total 977920K, used 977459K [0x0000000080000000, 0x00000000bbb00000, 0x00000000d5580000)
  object space 977920K, 99% used [0x0000000080000000,0x00000000bba8cd70,0x00000000bbb00000)
 Metaspace       used 113077K, committed 115200K, reserved 1179648K
  class space    used 11472K, committed 12608K, reserved 1048576K
}

Dll operation events (12 events):
Event: 1.899 Loaded shared library c:\Users\junior\.vscode\extensions\redhat.java-1.46.0-win32-x64\jre\21.0.8-win32-x86_64\bin\java.dll
Event: 2.106 Loaded shared library c:\Users\junior\.vscode\extensions\redhat.java-1.46.0-win32-x64\jre\21.0.8-win32-x86_64\bin\zip.dll
Event: 2.162 Loaded shared library C:\Users\junior\.vscode\extensions\redhat.java-1.46.0-win32-x64\jre\21.0.8-win32-x86_64\bin\instrument.dll
Event: 2.181 Loaded shared library C:\Users\junior\.vscode\extensions\redhat.java-1.46.0-win32-x64\jre\21.0.8-win32-x86_64\bin\net.dll
Event: 2.186 Loaded shared library C:\Users\junior\.vscode\extensions\redhat.java-1.46.0-win32-x64\jre\21.0.8-win32-x86_64\bin\nio.dll
Event: 2.193 Loaded shared library C:\Users\junior\.vscode\extensions\redhat.java-1.46.0-win32-x64\jre\21.0.8-win32-x86_64\bin\zip.dll
Event: 2.254 Loaded shared library C:\Users\junior\.vscode\extensions\redhat.java-1.46.0-win32-x64\jre\21.0.8-win32-x86_64\bin\jimage.dll
Event: 2.788 Loaded shared library c:\Users\junior\.vscode\extensions\redhat.java-1.46.0-win32-x64\jre\21.0.8-win32-x86_64\bin\verify.dll
Event: 19.902 Loaded shared library C:\Users\junior\AppData\Roaming\Code\User\globalStorage\redhat.java\1.46.0\config_win\org.eclipse.equinox.launcher\org.eclipse.equinox.launcher.win32.win32.x86_64_1.2.1400.v20250801-0854\eclipse_11916.dll
Event: 44.348 Loaded shared library C:\Users\junior\AppData\Local\Temp\jna--1148843863\jna17420128722530752328.dll
Event: 46.327 Loaded shared library C:\Users\junior\.vscode\extensions\redhat.java-1.46.0-win32-x64\jre\21.0.8-win32-x86_64\bin\sunmscapi.dll
Event: 47.063 Loaded shared library C:\Users\junior\.vscode\extensions\redhat.java-1.46.0-win32-x64\jre\21.0.8-win32-x86_64\bin\extnet.dll

Deoptimization events (20 events):
Event: 13224.204 Thread 0x00000187ae607740 Uncommon trap: trap_request=0xffffff45 fr.pc=0x000001874f607bd8 relative=0x00000000000066f8
Event: 13224.204 Thread 0x00000187ae607740 Uncommon trap: reason=unstable_if action=reinterpret pc=0x000001874f607bd8 method=org.eclipse.jdt.ls.core.internal.handlers.InlayHintVisitor.resolveParameterInlayHints(Lorg/eclipse/jdt/core/dom/IMethodBinding;Ljava/util/List;)V @ 1 c2
Event: 13224.204 Thread 0x00000187ae607740 DEOPT PACKING pc=0x000001874f607bd8 sp=0x0000000c3a6fe3e0
Event: 13224.204 Thread 0x00000187ae607740 DEOPT UNPACKING pc=0x000001874cfb3aa2 sp=0x0000000c3a6fe3d8 mode 2
Event: 13249.174 Thread 0x00000187a4381020 Uncommon trap: trap_request=0xffffffc6 fr.pc=0x000001874da1fa18 relative=0x0000000000001238
Event: 13249.174 Thread 0x00000187a4381020 Uncommon trap: reason=bimorphic_or_optimized_type_check action=maybe_recompile pc=0x000001874da1fa18 method=org.eclipse.jdt.core.manipulation.ImportReferencesCollector.possibleStaticImportFound(Lorg/eclipse/jdt/core/dom/Name;)V @ 75 c2
Event: 13249.174 Thread 0x00000187a4381020 DEOPT PACKING pc=0x000001874da1fa18 sp=0x0000000c3bafdae0
Event: 13249.174 Thread 0x00000187a4381020 DEOPT UNPACKING pc=0x000001874cfb3aa2 sp=0x0000000c3bafda28 mode 2
Event: 13249.178 Thread 0x00000187a4381020 Uncommon trap: trap_request=0xffffffbe fr.pc=0x000001874f8c8ca0 relative=0x0000000000002580
Event: 13249.179 Thread 0x00000187a4381020 Uncommon trap: reason=profile_predicate action=maybe_recompile pc=0x000001874f8c8ca0 method=org.eclipse.jdt.internal.core.search.PatternSearchJob.performParallelSearch([Lorg/eclipse/jdt/internal/core/index/Index;Lorg/eclipse/core/runtime/SubMonitor;)Z @ 1
Event: 13249.179 Thread 0x00000187a4381020 DEOPT PACKING pc=0x000001874f8c8ca0 sp=0x0000000c3bafdd80
Event: 13249.179 Thread 0x00000187a4381020 DEOPT UNPACKING pc=0x000001874cfb3aa2 sp=0x0000000c3bafdd60 mode 2
Event: 13252.922 Thread 0x00000187ae601b60 DEOPT PACKING pc=0x0000018748312dc6 sp=0x0000000c3a5fec20
Event: 13252.922 Thread 0x00000187ae601b60 DEOPT UNPACKING pc=0x000001874cfb4242 sp=0x0000000c3a5fe108 mode 0
Event: 13279.107 Thread 0x00000187ae600e40 DEOPT PACKING pc=0x0000018748312dc6 sp=0x0000000c3a0feb70
Event: 13279.107 Thread 0x00000187ae600e40 DEOPT UNPACKING pc=0x000001874cfb4242 sp=0x0000000c3a0fe058 mode 0
Event: 13286.013 Thread 0x00000187a4381020 Uncommon trap: trap_request=0xffffff45 fr.pc=0x000001874f7c7880 relative=0x0000000000000940
Event: 13286.013 Thread 0x00000187a4381020 Uncommon trap: reason=unstable_if action=reinterpret pc=0x000001874f7c7880 method=org.eclipse.jface.text.GapTextStore.adjustGap(III)V @ 25 c2
Event: 13286.013 Thread 0x00000187a4381020 DEOPT PACKING pc=0x000001874f7c7880 sp=0x0000000c3bafe440
Event: 13286.013 Thread 0x00000187a4381020 DEOPT UNPACKING pc=0x000001874cfb3aa2 sp=0x0000000c3bafe390 mode 2

Classes loaded (20 events):
Event: 4611.597 Loading class java/util/TreeMap$NavigableSubMap$SubMapIterator done
Event: 4611.597 Loading class java/util/TreeMap$NavigableSubMap$SubMapEntryIterator done
Event: 4619.352 Loading class jdk/internal/module/IllegalAccessLogger
Event: 4619.352 Loading class jdk/internal/module/IllegalAccessLogger done
Event: 4619.364 Loading class java/util/concurrent/ConcurrentHashMap$KeySpliterator
Event: 4619.367 Loading class java/util/concurrent/ConcurrentHashMap$KeySpliterator done
Event: 4813.068 Loading class javax/xml/transform/TransformerConfigurationException
Event: 4813.068 Loading class javax/xml/transform/TransformerConfigurationException done
Event: 5287.107 Loading class jdk/internal/module/IllegalAccessLogger
Event: 5287.107 Loading class jdk/internal/module/IllegalAccessLogger done
Event: 11139.040 Loading class sun/net/ConnectionResetException
Event: 11139.041 Loading class sun/net/ConnectionResetException done
Event: 11140.694 Loading class java/util/stream/SliceOps
Event: 11140.694 Loading class java/util/stream/SliceOps done
Event: 11140.694 Loading class java/util/stream/SliceOps$1
Event: 11140.695 Loading class java/util/stream/SliceOps$1 done
Event: 11140.695 Loading class java/util/stream/SliceOps$1$1
Event: 11140.695 Loading class java/util/stream/SliceOps$1$1 done
Event: 11141.118 Loading class jdk/internal/module/IllegalAccessLogger
Event: 11141.118 Loading class jdk/internal/module/IllegalAccessLogger done

Classes unloaded (20 events):
Event: 10239.214 Thread 0x00000187592a14a0 Unloading class 0x000001875b081800 'java/lang/invoke/LambdaForm$MH+0x000001875b081800'
Event: 10239.214 Thread 0x00000187592a14a0 Unloading class 0x000001875b080400 'java/lang/invoke/LambdaForm$MH+0x000001875b080400'
Event: 10239.214 Thread 0x00000187592a14a0 Unloading class 0x000001875b080000 'java/lang/invoke/LambdaForm$MH+0x000001875b080000'
Event: 10239.214 Thread 0x00000187592a14a0 Unloading class 0x000001875b014800 'java/lang/invoke/LambdaForm$MH+0x000001875b014800'
Event: 10239.214 Thread 0x00000187592a14a0 Unloading class 0x000001875b000400 'java/lang/invoke/LambdaForm$MH+0x000001875b000400'
Event: 13065.252 Thread 0x00000187592a14a0 Unloading class 0x000001875b328000 'java/lang/invoke/LambdaForm$MH+0x000001875b328000'
Event: 13065.252 Thread 0x00000187592a14a0 Unloading class 0x000001875b5a8000 'java/lang/invoke/LambdaForm$MH+0x000001875b5a8000'
Event: 13065.252 Thread 0x00000187592a14a0 Unloading class 0x000001875b634800 'java/lang/invoke/LambdaForm$MH+0x000001875b634800'
Event: 13065.252 Thread 0x00000187592a14a0 Unloading class 0x000001875b637000 'java/lang/invoke/LambdaForm$BMH+0x000001875b637000'
Event: 13065.252 Thread 0x00000187592a14a0 Unloading class 0x000001875bbfe000 'java/lang/invoke/LambdaForm$MH+0x000001875bbfe000'
Event: 13065.252 Thread 0x00000187592a14a0 Unloading class 0x000001875bbfe800 'java/lang/invoke/LambdaForm$MH+0x000001875bbfe800'
Event: 13065.252 Thread 0x00000187592a14a0 Unloading class 0x000001875bbff000 'java/lang/invoke/LambdaForm$MH+0x000001875bbff000'
Event: 13065.252 Thread 0x00000187592a14a0 Unloading class 0x000001875bc01000 'java/lang/invoke/LambdaForm$MH+0x000001875bc01000'
Event: 13065.252 Thread 0x00000187592a14a0 Unloading class 0x000001875bc20400 'java/lang/invoke/LambdaForm$MH+0x000001875bc20400'
Event: 13065.252 Thread 0x00000187592a14a0 Unloading class 0x000001875b175800 'java/lang/invoke/LambdaForm$MH+0x000001875b175800'
Event: 13065.252 Thread 0x00000187592a14a0 Unloading class 0x000001875b01f800 'java/lang/invoke/LambdaForm$MH+0x000001875b01f800'
Event: 13065.252 Thread 0x00000187592a14a0 Unloading class 0x000001875b01e800 'java/lang/invoke/LambdaForm$MH+0x000001875b01e800'
Event: 13065.252 Thread 0x00000187592a14a0 Unloading class 0x000001875b01e400 'java/lang/invoke/LambdaForm$MH+0x000001875b01e400'
Event: 13065.252 Thread 0x00000187592a14a0 Unloading class 0x000001875b01dc00 'java/lang/invoke/LambdaForm$MH+0x000001875b01dc00'
Event: 13065.252 Thread 0x00000187592a14a0 Unloading class 0x000001875b01d400 'java/lang/invoke/LambdaForm$MH+0x000001875b01d400'

Classes redefined (0 events):
No events

Internal exceptions (20 events):
Event: 13075.114 Thread 0x00000187ae603c30 Exception <a 'java/lang/NoSuchMethodError'{0x00000000d5947cf8}: 'void java.lang.invoke.DelegatingMethodHandle$Holder.reinvoke_L(java.lang.Object, java.lang.Object, int)'> (0x00000000d5947cf8) 
thrown [s\src\hotspot\share\interpreter\linkResolver.cpp, line 773]
Event: 13180.011 Thread 0x00000187ae601b60 Exception <a 'java/lang/ClassNotFoundException'{0x00000000d67922f8}: sun/net/www/protocol/jdt/Handler> (0x00000000d67922f8) 
thrown [s\src\hotspot\share\classfile\systemDictionary.cpp, line 312]
Event: 13180.059 Thread 0x00000187ae6035a0 Exception <a 'java/net/ConnectException'{0x00000000d61cb400}: Connection refused: getsockopt> (0x00000000d61cb400) 
thrown [s\src\hotspot\share\prims\jni.cpp, line 539]
Event: 13186.876 Thread 0x00000187ae605670 Exception <a 'java/net/ConnectException'{0x00000000d679d660}: Connection refused: getsockopt> (0x00000000d679d660) 
thrown [s\src\hotspot\share\prims\jni.cpp, line 539]
Event: 13197.079 Thread 0x00000187ae601b60 Exception <a 'java/net/ConnectException'{0x00000000d697e840}: Connection refused: getsockopt> (0x00000000d697e840) 
thrown [s\src\hotspot\share\prims\jni.cpp, line 539]
Event: 13203.610 Thread 0x00000187ae600e40 Exception <a 'java/net/ConnectException'{0x00000000d58bc990}: Connection refused: getsockopt> (0x00000000d58bc990) 
thrown [s\src\hotspot\share\prims\jni.cpp, line 539]
Event: 13223.970 Thread 0x00000187a4381020 Exception <a 'java/lang/NoSuchMethodError'{0x00000000d58f2718}: 'void java.lang.invoke.DirectMethodHandle$Holder.invokeVirtual(java.lang.Object, java.lang.Object, java.lang.Object, java.lang.Object, java.lang.Object)'> (0x00000000d58f2718) 
thrown [s\src\hotspot\share\interpreter\linkResolver.cpp, line 773]
Event: 13224.002 Thread 0x00000187a4381020 Exception <a 'java/lang/ArrayIndexOutOfBoundsException'{0x00000000d5f22f80}> (0x00000000d5f22f80) 
thrown [s\src\hotspot\share\runtime\sharedRuntime.cpp, line 625]
Event: 13224.204 Thread 0x00000187ae607740 Implicit null exception at 0x000001874f601528 to 0x000001874f607bc5
Event: 13224.929 Thread 0x00000187ae601b60 Exception <a 'java/lang/ArrayIndexOutOfBoundsException'{0x00000000d58c6d80}> (0x00000000d58c6d80) 
thrown [s\src\hotspot\share\runtime\sharedRuntime.cpp, line 625]
Event: 13228.829 Thread 0x00000187ae607740 Exception <a 'java/net/ConnectException'{0x00000000d5842da0}: Connection refused: getsockopt> (0x00000000d5842da0) 
thrown [s\src\hotspot\share\prims\jni.cpp, line 539]
Event: 13238.244 Thread 0x00000187ae607740 Exception <a 'java/lang/ClassNotFoundException'{0x00000000d55d4f00}: sun/net/www/protocol/eclipse-javadoc/Handler> (0x00000000d55d4f00) 
thrown [s\src\hotspot\share\classfile\systemDictionary.cpp, line 312]
Event: 13238.244 Thread 0x00000187ae607740 Exception <a 'java/lang/ClassNotFoundException'{0x00000000d55d81f0}: sun/net/www/protocol/eclipse-javadoc/Handler> (0x00000000d55d81f0) 
thrown [s\src\hotspot\share\classfile\systemDictionary.cpp, line 312]
Event: 13238.244 Thread 0x00000187ae607740 Exception <a 'java/lang/ClassNotFoundException'{0x00000000d55dc038}: sun/net/www/protocol/jdt/Handler> (0x00000000d55dc038) 
thrown [s\src\hotspot\share\classfile\systemDictionary.cpp, line 312]
Event: 13246.637 Thread 0x00000187ae607740 Exception <a 'java/net/ConnectException'{0x00000000d57a1438}: Connection refused: getsockopt> (0x00000000d57a1438) 
thrown [s\src\hotspot\share\prims\jni.cpp, line 539]
Event: 13253.169 Thread 0x00000187ae600e40 Exception <a 'java/net/ConnectException'{0x00000000d5a24270}: Connection refused: getsockopt> (0x00000000d5a24270) 
thrown [s\src\hotspot\share\prims\jni.cpp, line 539]
Event: 13286.864 Thread 0x00000187ae607740 Exception <a 'java/net/ConnectException'{0x00000000d5c05a08}: Connection refused: getsockopt> (0x00000000d5c05a08) 
thrown [s\src\hotspot\share\prims\jni.cpp, line 539]
Event: 13288.803 Thread 0x00000187ae600e40 Exception <a 'java/net/ConnectException'{0x00000000d587caa8}: Connection refused: getsockopt> (0x00000000d587caa8) 
thrown [s\src\hotspot\share\prims\jni.cpp, line 539]
Event: 13289.108 Thread 0x00000187ae607740 Exception <a 'java/net/ConnectException'{0x00000000d5ab5fc0}: Connection refused: getsockopt> (0x00000000d5ab5fc0) 
thrown [s\src\hotspot\share\prims\jni.cpp, line 539]
Event: 13289.525 Thread 0x00000187ae601b60 Exception <a 'java/net/ConnectException'{0x00000000d58f82d8}: Connection refused: getsockopt> (0x00000000d58f82d8) 
thrown [s\src\hotspot\share\prims\jni.cpp, line 539]

ZGC Phase Switch (0 events):
No events

VM Operations (20 events):
Event: 13289.503 Executing VM operation: ParallelGCFailedAllocation (Allocation Failure) done
Event: 13289.638 Executing VM operation: ParallelGCFailedAllocation (Allocation Failure)
Event: 13289.642 Executing VM operation: ParallelGCFailedAllocation (Allocation Failure) done
Event: 13289.650 Executing VM operation: ParallelGCFailedAllocation (Allocation Failure)
Event: 13289.654 Executing VM operation: ParallelGCFailedAllocation (Allocation Failure) done
Event: 13289.657 Executing VM operation: ParallelGCFailedAllocation (Allocation Failure)
Event: 13289.660 Executing VM operation: ParallelGCFailedAllocation (Allocation Failure) done
Event: 13289.668 Executing VM operation: ParallelGCFailedAllocation (Allocation Failure)
Event: 13289.672 Executing VM operation: ParallelGCFailedAllocation (Allocation Failure) done
Event: 13289.681 Executing VM operation: ParallelGCFailedAllocation (Allocation Failure)
Event: 13291.706 Executing VM operation: ParallelGCFailedAllocation (Allocation Failure) done
Event: 13291.706 Executing VM operation: HandshakeAllThreads (HandshakeForDeflation)
Event: 13291.706 Executing VM operation: HandshakeAllThreads (HandshakeForDeflation) done
Event: 13291.706 Executing VM operation: RendezvousGCThreads
Event: 13291.706 Executing VM operation: RendezvousGCThreads done
Event: 13291.717 Executing VM operation: ParallelGCFailedAllocation (Allocation Failure)
Event: 13293.726 Executing VM operation: ParallelGCFailedAllocation (Allocation Failure) done
Event: 13293.737 Executing VM operation: ParallelGCFailedAllocation (Allocation Failure)
Event: 13293.742 Executing VM operation: ParallelGCFailedAllocation (Allocation Failure) done
Event: 13293.754 Executing VM operation: ParallelGCFailedAllocation (Allocation Failure)

Memory protections (0 events):
No events

Nmethod flushes (20 events):
Event: 13065.342 Thread 0x00000187592a14a0 flushing  nmethod 0x000001874908e610
Event: 13065.342 Thread 0x00000187592a14a0 flushing  nmethod 0x00000187490d0e10
Event: 13065.342 Thread 0x00000187592a14a0 flushing  nmethod 0x00000187490ded10
Event: 13065.342 Thread 0x00000187592a14a0 flushing  nmethod 0x00000187490e3510
Event: 13065.342 Thread 0x00000187592a14a0 flushing  nmethod 0x00000187490edc90
Event: 13065.342 Thread 0x00000187592a14a0 flushing  nmethod 0x00000187490f2390
Event: 13065.342 Thread 0x00000187592a14a0 flushing  nmethod 0x00000187490f5890
Event: 13065.342 Thread 0x00000187592a14a0 flushing  nmethod 0x00000187490f7510
Event: 13065.342 Thread 0x00000187592a14a0 flushing  nmethod 0x00000187490f8190
Event: 13065.342 Thread 0x00000187592a14a0 flushing  nmethod 0x000001874911a190
Event: 13065.342 Thread 0x00000187592a14a0 flushing  nmethod 0x0000018749121590
Event: 13065.342 Thread 0x00000187592a14a0 flushing  nmethod 0x000001874912cc10
Event: 13065.342 Thread 0x00000187592a14a0 flushing  nmethod 0x0000018749133590
Event: 13065.342 Thread 0x00000187592a14a0 flushing  nmethod 0x0000018749149910
Event: 13065.342 Thread 0x00000187592a14a0 flushing  nmethod 0x0000018749150410
Event: 13065.342 Thread 0x00000187592a14a0 flushing  nmethod 0x0000018749184090
Event: 13065.342 Thread 0x00000187592a14a0 flushing  nmethod 0x0000018749184610
Event: 13065.342 Thread 0x00000187592a14a0 flushing  nmethod 0x000001874918dd90
Event: 13065.342 Thread 0x00000187592a14a0 flushing  nmethod 0x000001874919d710
Event: 13065.342 Thread 0x00000187592a14a0 flushing  nmethod 0x00000187491a9810

Events (20 events):
Event: 13066.852 Thread 0x00000187ae606390 Thread added: 0x00000187ae605d00
Event: 13066.852 Thread 0x00000187ae606390 Thread added: 0x00000187a0336180
Event: 13066.852 Thread 0x00000187ae606390 Thread added: 0x00000187a0334740
Event: 13068.517 Thread 0x00000187592ac230 Thread added: 0x00000187ae67b640
Event: 13069.002 Thread 0x00000187ae67b640 Thread exited: 0x00000187ae67b640
Event: 13069.779 Thread 0x00000187ae606a20 Thread exited: 0x00000187ae606a20
Event: 13069.779 Thread 0x00000187a0334740 Thread exited: 0x00000187a0334740
Event: 13069.779 Thread 0x00000187ae605d00 Thread exited: 0x00000187ae605d00
Event: 13069.779 Thread 0x00000187a0336180 Thread exited: 0x00000187a0336180
Event: 13069.780 Thread 0x00000187ae604950 Thread exited: 0x00000187ae604950
Event: 13074.915 Thread 0x00000187ae603c30 Thread added: 0x00000187a0334740
Event: 13074.977 Thread 0x00000187592ac230 Thread added: 0x00000187a49a4e60
Event: 13075.342 Thread 0x00000187a49a4e60 Thread exited: 0x00000187a49a4e60
Event: 13154.823 Thread 0x00000187ae603c30 Thread exited: 0x00000187ae603c30
Event: 13167.259 Thread 0x00000187ae604fe0 Thread exited: 0x00000187ae604fe0
Event: 13198.596 Thread 0x00000187ae607740 Thread added: 0x00000187a0333a20
Event: 13207.962 Thread 0x00000187ae606390 Thread added: 0x00000187a0336810
Event: 13223.975 Thread 0x000001879bbf9220 Thread added: 0x00000187a49a4e60
Event: 13224.199 Thread 0x00000187a49a4e60 Thread exited: 0x00000187a49a4e60
Event: 13288.720 Thread 0x00000187a0336810 Thread exited: 0x00000187a0336810


Dynamic libraries:
0x00007ff6b5620000 - 0x00007ff6b562e000 	c:\Users\junior\.vscode\extensions\redhat.java-1.46.0-win32-x64\jre\21.0.8-win32-x86_64\bin\java.exe
0x00007ff81e620000 - 0x00007ff81e889000 	C:\WINDOWS\SYSTEM32\ntdll.dll
0x00007ff81d0e0000 - 0x00007ff81d1a9000 	C:\WINDOWS\System32\KERNEL32.DLL
0x00007ff81b7b0000 - 0x00007ff81bba3000 	C:\WINDOWS\System32\KERNELBASE.dll
0x00007ff81bd10000 - 0x00007ff81be5b000 	C:\WINDOWS\System32\ucrtbase.dll
0x00007ff810880000 - 0x00007ff810898000 	c:\Users\junior\.vscode\extensions\redhat.java-1.46.0-win32-x64\jre\21.0.8-win32-x86_64\bin\jli.dll
0x00007ff81dba0000 - 0x00007ff81dd64000 	C:\WINDOWS\System32\USER32.dll
0x00007ff81bfe0000 - 0x00007ff81c007000 	C:\WINDOWS\System32\win32u.dll
0x00007ff810860000 - 0x00007ff81087e000 	c:\Users\junior\.vscode\extensions\redhat.java-1.46.0-win32-x64\jre\21.0.8-win32-x86_64\bin\VCRUNTIME140.dll
0x00007ff81cba0000 - 0x00007ff81cbcb000 	C:\WINDOWS\System32\GDI32.dll
0x00007ff81c2c0000 - 0x00007ff81c3ed000 	C:\WINDOWS\System32\gdi32full.dll
0x00007ff81c210000 - 0x00007ff81c2b3000 	C:\WINDOWS\System32\msvcp_win.dll
0x00007ff8056a0000 - 0x00007ff805933000 	C:\WINDOWS\WinSxS\amd64_microsoft.windows.common-controls_6595b64144ccf1df_6.0.26100.5074_none_3e0d6f78e32fd63f\COMCTL32.dll
0x00007ff81d2e0000 - 0x00007ff81d389000 	C:\WINDOWS\System32\msvcrt.dll
0x00007ff81da90000 - 0x00007ff81dabf000 	C:\WINDOWS\System32\IMM32.DLL
0x00007ff816a90000 - 0x00007ff816a9c000 	c:\Users\junior\.vscode\extensions\redhat.java-1.46.0-win32-x64\jre\21.0.8-win32-x86_64\bin\vcruntime140_1.dll
0x00007ff80a770000 - 0x00007ff80a7fd000 	c:\Users\junior\.vscode\extensions\redhat.java-1.46.0-win32-x64\jre\21.0.8-win32-x86_64\bin\msvcp140.dll
0x00007fffc3cb0000 - 0x00007fffc4a47000 	c:\Users\junior\.vscode\extensions\redhat.java-1.46.0-win32-x64\jre\21.0.8-win32-x86_64\bin\server\jvm.dll
0x00007ff81d020000 - 0x00007ff81d0d4000 	C:\WINDOWS\System32\ADVAPI32.dll
0x00007ff81ce70000 - 0x00007ff81cf16000 	C:\WINDOWS\System32\sechost.dll
0x00007ff81e4c0000 - 0x00007ff81e5d8000 	C:\WINDOWS\System32\RPCRT4.dll
0x00007ff81d3c0000 - 0x00007ff81d434000 	C:\WINDOWS\System32\WS2_32.dll
0x00007ff814f60000 - 0x00007ff814f6b000 	C:\WINDOWS\SYSTEM32\VERSION.dll
0x00007ff80a640000 - 0x00007ff80a675000 	C:\WINDOWS\SYSTEM32\WINMM.dll
0x00007ff81b610000 - 0x00007ff81b66e000 	C:\WINDOWS\SYSTEM32\POWRPROF.dll
0x00007ff81b5f0000 - 0x00007ff81b604000 	C:\WINDOWS\SYSTEM32\UMPDC.dll
0x00007ff81a550000 - 0x00007ff81a56b000 	C:\WINDOWS\SYSTEM32\kernel.appcore.dll
0x00007ff816a10000 - 0x00007ff816a1a000 	c:\Users\junior\.vscode\extensions\redhat.java-1.46.0-win32-x64\jre\21.0.8-win32-x86_64\bin\jimage.dll
0x00007ff809330000 - 0x00007ff809572000 	C:\WINDOWS\SYSTEM32\DBGHELP.DLL
0x00007ff81c3f0000 - 0x00007ff81c76b000 	C:\WINDOWS\System32\combase.dll
0x00007ff81d200000 - 0x00007ff81d2d7000 	C:\WINDOWS\System32\OLEAUT32.dll
0x00007ff802cf0000 - 0x00007ff802d2d000 	C:\WINDOWS\SYSTEM32\dbgcore.DLL
0x00007ff81bbb0000 - 0x00007ff81bc49000 	C:\WINDOWS\System32\bcryptPrimitives.dll
0x00007ff810d10000 - 0x00007ff810d1f000 	c:\Users\junior\.vscode\extensions\redhat.java-1.46.0-win32-x64\jre\21.0.8-win32-x86_64\bin\instrument.dll
0x00007ff810d60000 - 0x00007ff810d7f000 	c:\Users\junior\.vscode\extensions\redhat.java-1.46.0-win32-x64\jre\21.0.8-win32-x86_64\bin\java.dll
0x00007ff81dd70000 - 0x00007ff81e4bd000 	C:\WINDOWS\System32\SHELL32.dll
0x00007ff81c0a0000 - 0x00007ff81c20c000 	C:\WINDOWS\System32\wintypes.dll
0x00007ff8193f0000 - 0x00007ff819c49000 	C:\WINDOWS\SYSTEM32\windows.storage.dll
0x00007ff81d500000 - 0x00007ff81d5f0000 	C:\WINDOWS\System32\SHCORE.dll
0x00007ff81cbd0000 - 0x00007ff81cc32000 	C:\WINDOWS\System32\shlwapi.dll
0x00007ff81b6d0000 - 0x00007ff81b6f9000 	C:\WINDOWS\SYSTEM32\profapi.dll
0x00007ff810840000 - 0x00007ff810858000 	c:\Users\junior\.vscode\extensions\redhat.java-1.46.0-win32-x64\jre\21.0.8-win32-x86_64\bin\zip.dll
0x00007ff815f50000 - 0x00007ff815f60000 	C:\Users\junior\.vscode\extensions\redhat.java-1.46.0-win32-x64\jre\21.0.8-win32-x86_64\bin\net.dll
0x00007ff814cc0000 - 0x00007ff814ddf000 	C:\WINDOWS\SYSTEM32\WINHTTP.dll
0x00007ff81aab0000 - 0x00007ff81ab1b000 	C:\WINDOWS\system32\mswsock.dll
0x00007ff8106e0000 - 0x00007ff8106f6000 	C:\Users\junior\.vscode\extensions\redhat.java-1.46.0-win32-x64\jre\21.0.8-win32-x86_64\bin\nio.dll
0x00007ff8106d0000 - 0x00007ff8106e0000 	c:\Users\junior\.vscode\extensions\redhat.java-1.46.0-win32-x64\jre\21.0.8-win32-x86_64\bin\verify.dll
0x00007ff8001b0000 - 0x00007ff8001f4000 	C:\Users\junior\AppData\Roaming\Code\User\globalStorage\redhat.java\1.46.0\config_win\org.eclipse.equinox.launcher\org.eclipse.equinox.launcher.win32.win32.x86_64_1.2.1400.v20250801-0854\eclipse_11916.dll
0x00007ff81cc40000 - 0x00007ff81cdd8000 	C:\WINDOWS\System32\ole32.dll
0x00007ff81ae80000 - 0x00007ff81ae9b000 	C:\WINDOWS\SYSTEM32\CRYPTSP.dll
0x00007ff81a4b0000 - 0x00007ff81a4eb000 	C:\WINDOWS\system32\rsaenh.dll
0x00007ff81ab50000 - 0x00007ff81ab7b000 	C:\WINDOWS\SYSTEM32\USERENV.dll
0x00007ff81b6a0000 - 0x00007ff81b6c6000 	C:\WINDOWS\SYSTEM32\bcrypt.dll
0x00007ff81ace0000 - 0x00007ff81acec000 	C:\WINDOWS\SYSTEM32\CRYPTBASE.dll
0x00007ff819f50000 - 0x00007ff819f84000 	C:\WINDOWS\SYSTEM32\IPHLPAPI.DLL
0x00007ff81cab0000 - 0x00007ff81caba000 	C:\WINDOWS\System32\NSI.dll
0x00007ffffde20000 - 0x00007ffffde69000 	C:\Users\junior\AppData\Local\Temp\jna--1148843863\jna17420128722530752328.dll
0x00007ff81dad0000 - 0x00007ff81dad8000 	C:\WINDOWS\System32\PSAPI.DLL
0x00007ff814eb0000 - 0x00007ff814ece000 	C:\WINDOWS\SYSTEM32\dhcpcsvc6.DLL
0x00007ff814710000 - 0x00007ff814733000 	C:\WINDOWS\SYSTEM32\dhcpcsvc.DLL
0x00007ff810690000 - 0x00007ff81069e000 	C:\Users\junior\.vscode\extensions\redhat.java-1.46.0-win32-x64\jre\21.0.8-win32-x86_64\bin\sunmscapi.dll
0x00007ff81be60000 - 0x00007ff81bfd7000 	C:\WINDOWS\System32\CRYPT32.dll
0x00007ff81afd0000 - 0x00007ff81b000000 	C:\WINDOWS\SYSTEM32\ncrypt.dll
0x00007ff81af80000 - 0x00007ff81afbf000 	C:\WINDOWS\SYSTEM32\NTASN1.dll
0x00007ff819f90000 - 0x00007ff81a0b6000 	C:\WINDOWS\SYSTEM32\DNSAPI.dll
0x00007ff813810000 - 0x00007ff81381b000 	C:\Windows\System32\rasadhlp.dll
0x00007ff8139b0000 - 0x00007ff813a36000 	C:\WINDOWS\System32\fwpuclnt.dll
0x00007ff810640000 - 0x00007ff810649000 	C:\Users\junior\.vscode\extensions\redhat.java-1.46.0-win32-x64\jre\21.0.8-win32-x86_64\bin\extnet.dll
0x00007fffb7d10000 - 0x00007fffb7d18000 	C:\WINDOWS\system32\wshunix.dll
0x00007fffb9f80000 - 0x00007fffb9f98000 	C:\WINDOWS\system32\napinsp.dll
0x00007fffb9f60000 - 0x00007fffb9f72000 	C:\WINDOWS\System32\winrnr.dll
0x00007fffb79a0000 - 0x00007fffb79c8000 	C:\WINDOWS\system32\nlansp_c.dll
0x00007ffff4710000 - 0x00007ffff4726000 	C:\WINDOWS\system32\wshbth.dll
0x00007ff81a670000 - 0x00007ff81a6a6000 	C:\WINDOWS\SYSTEM32\ntmarta.dll

JVMTI agents:
c:\Users\junior\.vscode\extensions\redhat.java-1.46.0-win32-x64\lombok\lombok-1.18.39-4050.jar path:c:\Users\junior\.vscode\extensions\redhat.java-1.46.0-win32-x64\jre\21.0.8-win32-x86_64\bin\instrument.dll, loaded, initialized, instrumentlib options:none

dbghelp: loaded successfully - version: 4.0.5 - missing functions: none
symbol engine: initialized successfully - sym options: 0x614 - pdb path: .;c:\Users\junior\.vscode\extensions\redhat.java-1.46.0-win32-x64\jre\21.0.8-win32-x86_64\bin;C:\WINDOWS\SYSTEM32;C:\WINDOWS\WinSxS\amd64_microsoft.windows.common-controls_6595b64144ccf1df_6.0.26100.5074_none_3e0d6f78e32fd63f;c:\Users\junior\.vscode\extensions\redhat.java-1.46.0-win32-x64\jre\21.0.8-win32-x86_64\bin\server;C:\Users\junior\AppData\Roaming\Code\User\globalStorage\redhat.java\1.46.0\config_win\org.eclipse.equinox.launcher\org.eclipse.equinox.launcher.win32.win32.x86_64_1.2.1400.v20250801-0854;C:\Users\junior\AppData\Local\Temp\jna--1148843863

VM Arguments:
jvm_args: --add-modules=ALL-SYSTEM --add-opens=java.base/java.util=ALL-UNNAMED --add-opens=java.base/java.lang=ALL-UNNAMED --add-opens=java.base/sun.nio.fs=ALL-UNNAMED -Declipse.application=org.eclipse.jdt.ls.core.id1 -Dosgi.bundles.defaultStartLevel=4 -Declipse.product=org.eclipse.jdt.ls.core.product -Djava.import.generatesMetadataFilesAtProjectRoot=false -DDetectVMInstallationsJob.disabled=true -Dfile.encoding=utf8 -XX:+UseParallelGC -XX:GCTimeRatio=4 -XX:AdaptiveSizePolicyWeight=90 -Dsun.zip.disableMemoryMapping=true -Xmx2G -Xms100m -Xlog:disable -javaagent:c:\Users\junior\.vscode\extensions\redhat.java-1.46.0-win32-x64\lombok\lombok-1.18.39-4050.jar -XX:+HeapDumpOnOutOfMemoryError -XX:HeapDumpPath=c:\Users\junior\AppData\Roaming\Code\User\workspaceStorage\1fcca62a2d4da02ed6f8e9b7b724686a\redhat.java -Daether.dependencyCollector.impl=bf 
java_command: c:\Users\junior\.vscode\extensions\redhat.java-1.46.0-win32-x64\server\plugins\org.eclipse.equinox.launcher_1.7.0.v20250519-0528.jar -configuration c:\Users\junior\AppData\Roaming\Code\User\globalStorage\redhat.java\1.46.0\config_win -data c:\Users\junior\AppData\Roaming\Code\User\workspaceStorage\1fcca62a2d4da02ed6f8e9b7b724686a\redhat.java\jdt_ws --pipe=\\.\pipe\lsp-e2dfe8a1832f9ccc34a67a6be08d6b71-sock
java_class_path (initial): c:\Users\junior\.vscode\extensions\redhat.java-1.46.0-win32-x64\server\plugins\org.eclipse.equinox.launcher_1.7.0.v20250519-0528.jar
Launcher Type: SUN_STANDARD

[Global flags]
    uintx AdaptiveSizePolicyWeight                 = 90                                        {product} {command line}
     intx CICompilerCount                          = 4                                         {product} {ergonomic}
    uintx GCTimeRatio                              = 4                                         {product} {command line}
     bool HeapDumpOnOutOfMemoryError               = true                                   {manageable} {command line}
    ccstr HeapDumpPath                             = c:\Users\junior\AppData\Roaming\Code\User\workspaceStorage\1fcca62a2d4da02ed6f8e9b7b724686a\redhat.java         {manageable} {command line}
   size_t InitialHeapSize                          = 104857600                                 {product} {command line}
   size_t MaxHeapSize                              = 2147483648                                {product} {command line}
   size_t MaxNewSize                               = 715653120                                 {product} {ergonomic}
   size_t MinHeapDeltaBytes                        = 524288                                    {product} {ergonomic}
   size_t MinHeapSize                              = 104857600                                 {product} {command line}
   size_t NewSize                                  = 34603008                                  {product} {ergonomic}
    uintx NonNMethodCodeHeapSize                   = 5839372                                {pd product} {ergonomic}
    uintx NonProfiledCodeHeapSize                  = 122909434                              {pd product} {ergonomic}
   size_t OldSize                                  = 70254592                                  {product} {ergonomic}
    uintx ProfiledCodeHeapSize                     = 122909434                              {pd product} {ergonomic}
    uintx ReservedCodeCacheSize                    = 251658240                              {pd product} {ergonomic}
     bool SegmentedCodeCache                       = true                                      {product} {ergonomic}
   size_t SoftMaxHeapSize                          = 2147483648                             {manageable} {ergonomic}
     bool UseCompressedOops                        = true                           {product lp64_product} {ergonomic}
     bool UseLargePagesIndividualAllocation        = false                                  {pd product} {ergonomic}
     bool UseParallelGC                            = true                                      {product} {command line}

Logging:
Log output configuration:
 #0: stdout all=off uptime,level,tags foldmultilines=false
 #1: stderr all=off uptime,level,tags foldmultilines=false

Environment Variables:
PATH=C:\Program Files\Common Files\Oracle\Java\javapath;C:\WINDOWS\system32;C:\WINDOWS;C:\WINDOWS\System32\Wbem;C:\WINDOWS\System32\WindowsPowerShell\v1.0\;C:\WINDOWS\System32\OpenSSH\;C:\Program Files\Docker\Docker\resources\bin;C:\Program Files\dotnet\;C:\Program Files\nodejs\;c:\Users\junior\AppData\Local\Programs\Trae\bin;C:\Users\junior\AppData\Local\Programs\Python\Python313\Scripts\;C:\Users\junior\AppData\Local\Programs\Python\Python313\;C:\Users\junior\AppData\Local\Microsoft\WindowsApps;C:\Users\junior\AppData\Local\Programs\Microsoft VS Code\bin;C:\Users\junior\AppData\Roaming\npm;C:\Program Files\nodejs;%IntelliJ IDEA%
USERNAME=junior
OS=Windows_NT
PROCESSOR_IDENTIFIER=AMD64 Family 23 Model 17 Stepping 0, AuthenticAMD
TMP=C:\Users\junior\AppData\Local\Temp
TEMP=C:\Users\junior\AppData\Local\Temp




Periodic native trim disabled

---------------  S Y S T E M  ---------------

OS:
 Windows 11 , 64 bit Build 26100 (10.0.26100.5074)
OS uptime: 5 days 4:22 hours
Hyper-V role detected

CPU: total 8 (initial active 8) (8 cores per cpu, 2 threads per core) family 23 model 17 stepping 0 microcode 0x8101016, cx8, cmov, fxsr, ht, mmx, 3dnowpref, sse, sse2, sse3, ssse3, sse4a, sse4.1, sse4.2, popcnt, lzcnt, tsc, tscinvbit, avx, avx2, aes, clmul, bmi1, bmi2, adx, sha, fma, vzeroupper, clflush, clflushopt, hv, rdtscp, f16c
Processor Information for the first 8 processors :
  Max Mhz: 3600, Current Mhz: 3600, Mhz Limit: 3600

Memory: 4k page, system-wide physical 24524M (2776M free)
TotalPageFile size 24524M (AvailPageFile size 4M)
current process WorkingSet (physical memory assigned to process): 1535M, peak: 1941M
current process commit charge ("private bytes"): 1444M, peak: 1863M

vm_info: OpenJDK 64-Bit Server VM (21.0.8+9-LTS) for windows-amd64 JRE (21.0.8+9-LTS), built on 2025-07-15T00:00:00Z by "admin" with MS VC++ 17.7 (VS2022)

END.
